<?xml version="1.0" encoding="UTF-8"?>
<!-- Generated by org.testng.reporters.JUnitXMLReporter -->
<testsuite ignored="0" hostname="Ankitas-MacBook-Pro.local" failures="1" tests="1" name="CSVComparisonTest" time="0.084" errors="0" timestamp="2024-07-15T12:59:42 EDT">
  <testcase classname="CSVComparisonTest" name="testCompareCSVFiles" time="0.034">
    <failure type="java.lang.AssertionError" message="Differences found:
Difference found at line 4, column &amp;apos;name&amp;apos;: File1 -&amp;gt; thi, File2 -&amp;gt; David expected [true] but found [false]">
      <![CDATA[java.lang.AssertionError: Differences found:
Difference found at line 4, column 'name': File1 -> thi, File2 -> David expected [true] but found [false]
at CSVComparisonTest.testCompareCSVFiles(CSVComparisonTest.java:36)
at java.base/java.util.ArrayList.forEach(ArrayList.java:1511)
... Removed 34 stack frames]]>
    </failure>
  </testcase> <!-- testCompareCSVFiles -->
</testsuite> <!-- CSVComparisonTest -->
