<?xml version="1.0" encoding="UTF-8"?>
<!-- Generated by org.testng.reporters.JUnitXMLReporter -->
<testsuite ignored="0" hostname="Ankitas-MacBook-Pro.local" failures="1" tests="1" name="CSVComparisonTest" time="0.08" errors="0" timestamp="2024-07-15T12:36:05 EDT">
  <testcase classname="CSVComparisonTest" name="testCsvComparison" time="0.03">
    <failure type="java.lang.AssertionError" message="Files should be identical, but differences were found: [Row 4 is missing in file1, Row 5 is missing in file1] expected [true] but found [false]">
      <![CDATA[java.lang.AssertionError: Files should be identical, but differences were found: [Row 4 is missing in file1, Row 5 is missing in file1] expected [true] but found [false]
at CSVComparisonTest.testCsvComparison(CSVComparisonTest.java:23)
at java.base/java.util.ArrayList.forEach(ArrayList.java:1511)
... Removed 34 stack frames]]>
    </failure>
  </testcase> <!-- testCsvComparison -->
</testsuite> <!-- CSVComparisonTest -->
